[2017-07-28 09:42:57] testing.ERROR: Symfony\Component\Debug\Exception\FatalErrorException: App\Console\Kernel::commands(): Failed opening required '/Users/jim/workspace/laravel_package_boilerplate/tests/routes/console.php' (include_path='.::/opt/local/lib/php/pear') in /Users/jim/workspace/laravel_package_boilerplate/vendor/laravel/laravel/app/Console/Kernel.php:38
Stack trace:
#0 /Users/jim/workspace/laravel_package_boilerplate/vendor/laravel/framework/src/Illuminate/Foundation/Bootstrap/HandleExceptions.php(132): Symfony\Component\Debug\Exception\FatalErrorException->__construct()
#1 /Users/jim/workspace/laravel_package_boilerplate/vendor/laravel/framework/src/Illuminate/Foundation/Bootstrap/HandleExceptions.php(118): Illuminate\Foundation\Bootstrap\HandleExceptions->fatalExceptionFromError()
#2 /Users/jim/workspace/laravel_package_boilerplate/vendor/laravel/framework/src/Illuminate/Foundation/Bootstrap/HandleExceptions.php(0): Illuminate\Foundation\Bootstrap\HandleExceptions->handleShutdown()
#3 /Users/jim/workspace/laravel_package_boilerplate/vendor/laravel/framework/src/Illuminate/Foundation/Console/Kernel.php(213): App\Console\Kernel->commands()
#4 /Users/jim/workspace/laravel_package_boilerplate/vendor/laravel/framework/src/Illuminate/Support/Facades/Facade.php(237): Illuminate\Foundation\Console\Kernel->call()
#5 /Users/jim/workspace/laravel_package_boilerplate/tests/ExampleTest.php(21): Illuminate\Support\Facades\Facade::__callStatic()
#6 /Users/jim/workspace/laravel_package_boilerplate/tests/ExampleTest.php(21): Illuminate\Support\Facades\Facade::call()
#7 /Users/jim/workspace/laravel_package_boilerplate/vendor/phpunit/phpunit/src/Framework/TestCase.php(954): ExampleTest->tearDown()
#8 /Users/jim/workspace/laravel_package_boilerplate/vendor/phpunit/phpunit/src/Framework/TestResult.php(686): PHPUnit_Framework_TestCase->runBare()
#9 /Users/jim/workspace/laravel_package_boilerplate/vendor/phpunit/phpunit/src/Framework/TestCase.php(860): PHPUnit_Framework_TestResult->run()
#10 /Users/jim/workspace/laravel_package_boilerplate/vendor/phpunit/phpunit/src/Framework/TestSuite.php(722): PHPUnit_Framework_TestCase->run()
#11 /Users/jim/workspace/laravel_package_boilerplate/vendor/phpunit/phpunit/src/Framework/TestSuite.php(722): PHPUnit_Framework_TestSuite->run()
#12 /Users/jim/workspace/laravel_package_boilerplate/vendor/phpunit/phpunit/src/TextUI/TestRunner.php(517): PHPUnit_Framework_TestSuite->run()
#13 /Users/jim/workspace/laravel_package_boilerplate/vendor/phpunit/phpunit/src/TextUI/Command.php(186): PHPUnit_TextUI_TestRunner->doRun()
#14 /Users/jim/workspace/laravel_package_boilerplate/vendor/phpunit/phpunit/src/TextUI/Command.php(116): PHPUnit_TextUI_Command->run()
#15 /Users/jim/workspace/laravel_package_boilerplate/vendor/phpunit/phpunit/phpunit(52): PHPUnit_TextUI_Command::main()
#16 /Users/jim/workspace/laravel_package_boilerplate/vendor/phpunit/phpunit/phpunit(0): {main}()
#17 {main}  
[2017-07-28 09:43:38] testing.ERROR: Symfony\Component\Debug\Exception\FatalErrorException: App\Console\Kernel::commands(): Failed opening required '/Users/jim/workspace/laravel_package_boilerplate/tests/routes/console.php' (include_path='.::/opt/local/lib/php/pear') in /Users/jim/workspace/laravel_package_boilerplate/vendor/laravel/laravel/app/Console/Kernel.php:38
Stack trace:
#0 /Users/jim/workspace/laravel_package_boilerplate/vendor/laravel/framework/src/Illuminate/Foundation/Bootstrap/HandleExceptions.php(132): Symfony\Component\Debug\Exception\FatalErrorException->__construct()
#1 /Users/jim/workspace/laravel_package_boilerplate/vendor/laravel/framework/src/Illuminate/Foundation/Bootstrap/HandleExceptions.php(118): Illuminate\Foundation\Bootstrap\HandleExceptions->fatalExceptionFromError()
#2 /Users/jim/workspace/laravel_package_boilerplate/vendor/laravel/framework/src/Illuminate/Foundation/Bootstrap/HandleExceptions.php(0): Illuminate\Foundation\Bootstrap\HandleExceptions->handleShutdown()
#3 /Users/jim/workspace/laravel_package_boilerplate/vendor/laravel/framework/src/Illuminate/Foundation/Console/Kernel.php(213): App\Console\Kernel->commands()
#4 /Users/jim/workspace/laravel_package_boilerplate/vendor/laravel/framework/src/Illuminate/Support/Facades/Facade.php(237): Illuminate\Foundation\Console\Kernel->call()
#5 /Users/jim/workspace/laravel_package_boilerplate/tests/ExampleTest.php(21): Illuminate\Support\Facades\Facade::__callStatic()
#6 /Users/jim/workspace/laravel_package_boilerplate/tests/ExampleTest.php(21): Illuminate\Support\Facades\Facade::call()
#7 /Users/jim/workspace/laravel_package_boilerplate/vendor/phpunit/phpunit/src/Framework/TestCase.php(954): ExampleTest->tearDown()
#8 /Users/jim/workspace/laravel_package_boilerplate/vendor/phpunit/phpunit/src/Framework/TestResult.php(686): PHPUnit_Framework_TestCase->runBare()
#9 /Users/jim/workspace/laravel_package_boilerplate/vendor/phpunit/phpunit/src/Framework/TestCase.php(860): PHPUnit_Framework_TestResult->run()
#10 /Users/jim/workspace/laravel_package_boilerplate/vendor/phpunit/phpunit/src/Framework/TestSuite.php(722): PHPUnit_Framework_TestCase->run()
#11 /Users/jim/workspace/laravel_package_boilerplate/vendor/phpunit/phpunit/src/Framework/TestSuite.php(722): PHPUnit_Framework_TestSuite->run()
#12 /Users/jim/workspace/laravel_package_boilerplate/vendor/phpunit/phpunit/src/TextUI/TestRunner.php(517): PHPUnit_Framework_TestSuite->run()
#13 /Users/jim/workspace/laravel_package_boilerplate/vendor/phpunit/phpunit/src/TextUI/Command.php(186): PHPUnit_TextUI_TestRunner->doRun()
#14 /Users/jim/workspace/laravel_package_boilerplate/vendor/phpunit/phpunit/src/TextUI/Command.php(116): PHPUnit_TextUI_Command->run()
#15 /Users/jim/workspace/laravel_package_boilerplate/vendor/phpunit/phpunit/phpunit(52): PHPUnit_TextUI_Command::main()
#16 /Users/jim/workspace/laravel_package_boilerplate/vendor/phpunit/phpunit/phpunit(0): {main}()
#17 {main}  
[2017-07-28 09:43:48] testing.ERROR: Symfony\Component\Debug\Exception\FatalErrorException: App\Console\Kernel::commands(): Failed opening required '/Users/jim/workspace/laravel_package_boilerplate/tests/routes/console.php' (include_path='.::/opt/local/lib/php/pear') in /Users/jim/workspace/laravel_package_boilerplate/vendor/laravel/laravel/app/Console/Kernel.php:38
Stack trace:
#0 /Users/jim/workspace/laravel_package_boilerplate/vendor/laravel/framework/src/Illuminate/Foundation/Bootstrap/HandleExceptions.php(132): Symfony\Component\Debug\Exception\FatalErrorException->__construct()
#1 /Users/jim/workspace/laravel_package_boilerplate/vendor/laravel/framework/src/Illuminate/Foundation/Bootstrap/HandleExceptions.php(118): Illuminate\Foundation\Bootstrap\HandleExceptions->fatalExceptionFromError()
#2 /Users/jim/workspace/laravel_package_boilerplate/vendor/laravel/framework/src/Illuminate/Foundation/Bootstrap/HandleExceptions.php(0): Illuminate\Foundation\Bootstrap\HandleExceptions->handleShutdown()
#3 /Users/jim/workspace/laravel_package_boilerplate/vendor/laravel/framework/src/Illuminate/Foundation/Console/Kernel.php(213): App\Console\Kernel->commands()
#4 /Users/jim/workspace/laravel_package_boilerplate/vendor/laravel/framework/src/Illuminate/Support/Facades/Facade.php(237): Illuminate\Foundation\Console\Kernel->call()
#5 /Users/jim/workspace/laravel_package_boilerplate/tests/ExampleTest.php(21): Illuminate\Support\Facades\Facade::__callStatic()
#6 /Users/jim/workspace/laravel_package_boilerplate/tests/ExampleTest.php(21): Illuminate\Support\Facades\Facade::call()
#7 /Users/jim/workspace/laravel_package_boilerplate/vendor/phpunit/phpunit/src/Framework/TestCase.php(954): ExampleTest->tearDown()
#8 /Users/jim/workspace/laravel_package_boilerplate/vendor/phpunit/phpunit/src/Framework/TestResult.php(686): PHPUnit_Framework_TestCase->runBare()
#9 /Users/jim/workspace/laravel_package_boilerplate/vendor/phpunit/phpunit/src/Framework/TestCase.php(860): PHPUnit_Framework_TestResult->run()
#10 /Users/jim/workspace/laravel_package_boilerplate/vendor/phpunit/phpunit/src/Framework/TestSuite.php(722): PHPUnit_Framework_TestCase->run()
#11 /Users/jim/workspace/laravel_package_boilerplate/vendor/phpunit/phpunit/src/Framework/TestSuite.php(722): PHPUnit_Framework_TestSuite->run()
#12 /Users/jim/workspace/laravel_package_boilerplate/vendor/phpunit/phpunit/src/TextUI/TestRunner.php(517): PHPUnit_Framework_TestSuite->run()
#13 /Users/jim/workspace/laravel_package_boilerplate/vendor/phpunit/phpunit/src/TextUI/Command.php(186): PHPUnit_TextUI_TestRunner->doRun()
#14 /Users/jim/workspace/laravel_package_boilerplate/vendor/phpunit/phpunit/src/TextUI/Command.php(116): PHPUnit_TextUI_Command->run()
#15 /Users/jim/workspace/laravel_package_boilerplate/vendor/phpunit/phpunit/phpunit(52): PHPUnit_TextUI_Command::main()
#16 /Users/jim/workspace/laravel_package_boilerplate/vendor/phpunit/phpunit/phpunit(0): {main}()
#17 {main}  
[2017-07-28 09:45:13] testing.ERROR: Symfony\Component\Debug\Exception\FatalErrorException: App\Console\Kernel::commands(): Failed opening required '/Users/jim/workspace/laravel_package_boilerplate/tests/routes/console.php' (include_path='.::/opt/local/lib/php/pear') in /Users/jim/workspace/laravel_package_boilerplate/vendor/laravel/laravel/app/Console/Kernel.php:38
Stack trace:
#0 /Users/jim/workspace/laravel_package_boilerplate/vendor/laravel/framework/src/Illuminate/Foundation/Bootstrap/HandleExceptions.php(132): Symfony\Component\Debug\Exception\FatalErrorException->__construct()
#1 /Users/jim/workspace/laravel_package_boilerplate/vendor/laravel/framework/src/Illuminate/Foundation/Bootstrap/HandleExceptions.php(118): Illuminate\Foundation\Bootstrap\HandleExceptions->fatalExceptionFromError()
#2 /Users/jim/workspace/laravel_package_boilerplate/vendor/laravel/framework/src/Illuminate/Foundation/Bootstrap/HandleExceptions.php(0): Illuminate\Foundation\Bootstrap\HandleExceptions->handleShutdown()
#3 /Users/jim/workspace/laravel_package_boilerplate/vendor/laravel/framework/src/Illuminate/Foundation/Console/Kernel.php(213): App\Console\Kernel->commands()
#4 /Users/jim/workspace/laravel_package_boilerplate/vendor/laravel/framework/src/Illuminate/Support/Facades/Facade.php(237): Illuminate\Foundation\Console\Kernel->call()
#5 /Users/jim/workspace/laravel_package_boilerplate/tests/ExampleTest.php(21): Illuminate\Support\Facades\Facade::__callStatic()
#6 /Users/jim/workspace/laravel_package_boilerplate/tests/ExampleTest.php(21): Illuminate\Support\Facades\Facade::call()
#7 /Users/jim/workspace/laravel_package_boilerplate/vendor/phpunit/phpunit/src/Framework/TestCase.php(954): ExampleTest->tearDown()
#8 /Users/jim/workspace/laravel_package_boilerplate/vendor/phpunit/phpunit/src/Framework/TestResult.php(686): PHPUnit_Framework_TestCase->runBare()
#9 /Users/jim/workspace/laravel_package_boilerplate/vendor/phpunit/phpunit/src/Framework/TestCase.php(860): PHPUnit_Framework_TestResult->run()
#10 /Users/jim/workspace/laravel_package_boilerplate/vendor/phpunit/phpunit/src/Framework/TestSuite.php(722): PHPUnit_Framework_TestCase->run()
#11 /Users/jim/workspace/laravel_package_boilerplate/vendor/phpunit/phpunit/src/Framework/TestSuite.php(722): PHPUnit_Framework_TestSuite->run()
#12 /Users/jim/workspace/laravel_package_boilerplate/vendor/phpunit/phpunit/src/TextUI/TestRunner.php(517): PHPUnit_Framework_TestSuite->run()
#13 /Users/jim/workspace/laravel_package_boilerplate/vendor/phpunit/phpunit/src/TextUI/Command.php(186): PHPUnit_TextUI_TestRunner->doRun()
#14 /Users/jim/workspace/laravel_package_boilerplate/vendor/phpunit/phpunit/src/TextUI/Command.php(116): PHPUnit_TextUI_Command->run()
#15 /Users/jim/workspace/laravel_package_boilerplate/vendor/phpunit/phpunit/phpunit(52): PHPUnit_TextUI_Command::main()
#16 /Users/jim/workspace/laravel_package_boilerplate/vendor/phpunit/phpunit/phpunit(0): {main}()
#17 {main}  
[2017-07-28 09:46:27] testing.ERROR: Symfony\Component\Debug\Exception\FatalErrorException: App\Console\Kernel::commands(): Failed opening required '/Users/jim/workspace/laravel_package_boilerplate/tests/routes/console.php' (include_path='.::/opt/local/lib/php/pear') in /Users/jim/workspace/laravel_package_boilerplate/vendor/laravel/laravel/app/Console/Kernel.php:38
Stack trace:
#0 /Users/jim/workspace/laravel_package_boilerplate/vendor/laravel/framework/src/Illuminate/Foundation/Bootstrap/HandleExceptions.php(132): Symfony\Component\Debug\Exception\FatalErrorException->__construct()
#1 /Users/jim/workspace/laravel_package_boilerplate/vendor/laravel/framework/src/Illuminate/Foundation/Bootstrap/HandleExceptions.php(118): Illuminate\Foundation\Bootstrap\HandleExceptions->fatalExceptionFromError()
#2 /Users/jim/workspace/laravel_package_boilerplate/vendor/laravel/framework/src/Illuminate/Foundation/Bootstrap/HandleExceptions.php(0): Illuminate\Foundation\Bootstrap\HandleExceptions->handleShutdown()
#3 /Users/jim/workspace/laravel_package_boilerplate/vendor/laravel/framework/src/Illuminate/Foundation/Console/Kernel.php(213): App\Console\Kernel->commands()
#4 /Users/jim/workspace/laravel_package_boilerplate/vendor/laravel/framework/src/Illuminate/Support/Facades/Facade.php(237): Illuminate\Foundation\Console\Kernel->call()
#5 /Users/jim/workspace/laravel_package_boilerplate/tests/ExampleTest.php(21): Illuminate\Support\Facades\Facade::__callStatic()
#6 /Users/jim/workspace/laravel_package_boilerplate/tests/ExampleTest.php(21): Illuminate\Support\Facades\Facade::call()
#7 /Users/jim/workspace/laravel_package_boilerplate/vendor/phpunit/phpunit/src/Framework/TestCase.php(954): ExampleTest->tearDown()
#8 /Users/jim/workspace/laravel_package_boilerplate/vendor/phpunit/phpunit/src/Framework/TestResult.php(686): PHPUnit_Framework_TestCase->runBare()
#9 /Users/jim/workspace/laravel_package_boilerplate/vendor/phpunit/phpunit/src/Framework/TestCase.php(860): PHPUnit_Framework_TestResult->run()
#10 /Users/jim/workspace/laravel_package_boilerplate/vendor/phpunit/phpunit/src/Framework/TestSuite.php(722): PHPUnit_Framework_TestCase->run()
#11 /Users/jim/workspace/laravel_package_boilerplate/vendor/phpunit/phpunit/src/Framework/TestSuite.php(722): PHPUnit_Framework_TestSuite->run()
#12 /Users/jim/workspace/laravel_package_boilerplate/vendor/phpunit/phpunit/src/TextUI/TestRunner.php(517): PHPUnit_Framework_TestSuite->run()
#13 /Users/jim/workspace/laravel_package_boilerplate/vendor/phpunit/phpunit/src/TextUI/Command.php(186): PHPUnit_TextUI_TestRunner->doRun()
#14 /Users/jim/workspace/laravel_package_boilerplate/vendor/phpunit/phpunit/src/TextUI/Command.php(116): PHPUnit_TextUI_Command->run()
#15 /Users/jim/workspace/laravel_package_boilerplate/vendor/phpunit/phpunit/phpunit(52): PHPUnit_TextUI_Command::main()
#16 /Users/jim/workspace/laravel_package_boilerplate/vendor/phpunit/phpunit/phpunit(0): {main}()
#17 {main}  
